<?xml version="1.0" encoding="UTF-8"?>
<testsuites name="Mocha Tests" time="6.355" tests="3" failures="1">
  <testsuite name="Root Suite" timestamp="2021-03-22T23:02:44" tests="0" file="cypress/integration/1/new-pizza.spec.js" failures="0" time="0">
  </testsuite>
  <testsuite name="Create pizza" timestamp="2021-03-22T23:02:44" tests="3" failures="1" time="6.355">
    <testcase name="Create pizza should have the right placeholder" time="5.801" classname="should have the right placeholder">
    </testcase>
    <testcase name="Create pizza should show an error when pizza has no name " time="0.554" classname="should show an error when pizza has no name ">
    </testcase>
    <testcase name="Create pizza should create a new pizza correctly" time="0" classname="should create a new pizza correctly">
      <failure message="expected [ Array(3) ] to deeply equal [ Array(3) ]" type="AssertionError"><![CDATA[AssertionError: expected [ Array(3) ] to deeply equal [ Array(3) ]
    at Context.eval (http://localhost:3000/__cypress/tests?p=cypress/integration/1/new-pizza.spec.js:42:36)]]></failure>
    </testcase>
  </testsuite>
</testsuites>